# JRE version: OpenJDK Runtime Environment Temurin-21.0.9+10 (21.0.9+10) (build 21.0.9+10-LTS)
# Java VM: OpenJDK 64-Bit Server VM Temurin-21.0.9+10 (21.0.9+10-LTS, mixed mode, sharing, tiered, compressed oops, compressed class ptrs, parallel gc, windows-amd64)
GC Precious Log:
 CardTable entry size: 512
 CPUs: 16 total, 16 available
 Memory: 16235M
 Large Page Support: Disabled
 NUMA Support: Disabled
 Compressed Oops: Enabled (32-bit)
 Alignments: Space 512K, Generation 512K, Heap 2M
 Heap Min Capacity: 100M
 Heap Initial Capacity: 100M
 Heap Max Capacity: 2G
 Pre-touch: Disabled
 Parallel Workers: 13
Heap:
 PSYoungGen      total 4608K, used 4474K [0x00000000d5580000, 0x00000000d5c80000, 0x0000000100000000)
  eden space 4096K, 96% used [0x00000000d5580000,0x00000000d595ff48,0x00000000d5980000)
  from space 512K, 98% used [0x00000000d5b80000,0x00000000d5bfe900,0x00000000d5c00000)
  to   space 1536K, 0% used [0x00000000d5980000,0x00000000d5980000,0x00000000d5b00000)
 ParOldGen       total 356864K, used 356592K [0x0000000080000000, 0x0000000095c80000, 0x00000000d5580000)
  object space 356864K, 99% used [0x0000000080000000,0x0000000095c3c300,0x0000000095c80000)
 Metaspace       used 94961K, committed 96576K, reserved 1179648K
  class space    used 9449K, committed 10240K, reserved 1048576K
GC Heap History (20 events):
Event: 5912.252 GC heap before
{Heap before GC invocations=2799 (full 7):
 PSYoungGen      total 4608K, used 4452K [0x00000000d5580000, 0x00000000d5d80000, 0x0000000100000000)
  eden space 4096K, 100% used [0x00000000d5580000,0x00000000d5980000,0x00000000d5980000)
  from space 512K, 69% used [0x00000000d5d00000,0x00000000d5d59210,0x00000000d5d80000)
  to   space 1024K, 0% used [0x00000000d5b80000,0x00000000d5b80000,0x00000000d5c80000)
 ParOldGen       total 351232K, used 350814K [0x0000000080000000, 0x0000000095700000, 0x00000000d5580000)
  object space 351232K, 99% used [0x0000000080000000,0x0000000095697820,0x0000000095700000)
 Metaspace       used 94937K, committed 96576K, reserved 1179648K
  class space    used 9449K, committed 10240K, reserved 1048576K
}
Event: 5912.253 GC heap after
{Heap after GC invocations=2799 (full 7):
 PSYoungGen      total 5120K, used 672K [0x00000000d5580000, 0x00000000d5d80000, 0x0000000100000000)
  eden space 4096K, 0% used [0x00000000d5580000,0x00000000d5580000,0x00000000d5980000)
  from space 1024K, 65% used [0x00000000d5b80000,0x00000000d5c28000,0x00000000d5c80000)
  to   space 1024K, 0% used [0x00000000d5c80000,0x00000000d5c80000,0x00000000d5d80000)
 ParOldGen       total 351232K, used 351010K [0x0000000080000000, 0x0000000095700000, 0x00000000d5580000)
  object space 351232K, 99% used [0x0000000080000000,0x00000000956c8a30,0x0000000095700000)
 Metaspace       used 94937K, committed 96576K, reserved 1179648K
  class space    used 9449K, committed 10240K, reserved 1048576K
}
Event: 5912.258 GC heap before
{Heap before GC invocations=2800 (full 7):
 PSYoungGen      total 5120K, used 4768K [0x00000000d5580000, 0x00000000d5d80000, 0x0000000100000000)
  eden space 4096K, 100% used [0x00000000d5580000,0x00000000d5980000,0x00000000d5980000)
  from space 1024K, 65% used [0x00000000d5b80000,0x00000000d5c28000,0x00000000d5c80000)
  to   space 1024K, 0% used [0x00000000d5c80000,0x00000000d5c80000,0x00000000d5d80000)
 ParOldGen       total 351232K, used 351010K [0x0000000080000000, 0x0000000095700000, 0x00000000d5580000)
  object space 351232K, 99% used [0x0000000080000000,0x00000000956c8a30,0x0000000095700000)
 Metaspace       used 94937K, committed 96576K, reserved 1179648K
  class space    used 9449K, committed 10240K, reserved 1048576K
}
Event: 5912.259 GC heap after
{Heap after GC invocations=2800 (full 7):
 PSYoungGen      total 5120K, used 1018K [0x00000000d5580000, 0x00000000d5d80000, 0x0000000100000000)
  eden space 4096K, 0% used [0x00000000d5580000,0x00000000d5580000,0x00000000d5980000)
  from space 1024K, 99% used [0x00000000d5c80000,0x00000000d5d7e900,0x00000000d5d80000)
  to   space 2048K, 0% used [0x00000000d5980000,0x00000000d5980000,0x00000000d5b80000)
 ParOldGen       total 351744K, used 351559K [0x0000000080000000, 0x0000000095780000, 0x00000000d5580000)
  object space 351744K, 99% used [0x0000000080000000,0x0000000095751d70,0x0000000095780000)
 Metaspace       used 94937K, committed 96576K, reserved 1179648K
  class space    used 9449K, committed 10240K, reserved 1048576K
}
Event: 5912.262 GC heap before
{Heap before GC invocations=2801 (full 7):
 PSYoungGen      total 5120K, used 5114K [0x00000000d5580000, 0x00000000d5d80000, 0x0000000100000000)
  eden space 4096K, 100% used [0x00000000d5580000,0x00000000d5980000,0x00000000d5980000)
  from space 1024K, 99% used [0x00000000d5c80000,0x00000000d5d7e900,0x00000000d5d80000)
  to   space 2048K, 0% used [0x00000000d5980000,0x00000000d5980000,0x00000000d5b80000)
 ParOldGen       total 351744K, used 351559K [0x0000000080000000, 0x0000000095780000, 0x00000000d5580000)
  object space 351744K, 99% used [0x0000000080000000,0x0000000095751d70,0x0000000095780000)
 Metaspace       used 94937K, committed 96576K, reserved 1179648K
  class space    used 9449K, committed 10240K, reserved 1048576K
}
Event: 5912.262 GC heap after
{Heap after GC invocations=2801 (full 7):
 PSYoungGen      total 6144K, used 544K [0x00000000d5580000, 0x00000000d5d00000, 0x0000000100000000)
  eden space 4096K, 0% used [0x00000000d5580000,0x00000000d5580000,0x00000000d5980000)
  from space 2048K, 26% used [0x00000000d5980000,0x00000000d5a08000,0x00000000d5b80000)
  to   space 1024K, 0% used [0x00000000d5c00000,0x00000000d5c00000,0x00000000d5d00000)
 ParOldGen       total 352768K, used 352516K [0x0000000080000000, 0x0000000095880000, 0x00000000d5580000)
  object space 352768K, 99% used [0x0000000080000000,0x00000000958412b0,0x0000000095880000)
 Metaspace       used 94937K, committed 96576K, reserved 1179648K
  class space    used 9449K, committed 10240K, reserved 1048576K
}
Event: 5912.620 GC heap before
{Heap before GC invocations=2802 (full 7):
 PSYoungGen      total 6144K, used 4640K [0x00000000d5580000, 0x00000000d5d00000, 0x0000000100000000)
  eden space 4096K, 100% used [0x00000000d5580000,0x00000000d5980000,0x00000000d5980000)
  from space 2048K, 26% used [0x00000000d5980000,0x00000000d5a08000,0x00000000d5b80000)
  to   space 1024K, 0% used [0x00000000d5c00000,0x00000000d5c00000,0x00000000d5d00000)
 ParOldGen       total 352768K, used 352516K [0x0000000080000000, 0x0000000095880000, 0x00000000d5580000)
  object space 352768K, 99% used [0x0000000080000000,0x00000000958412b0,0x0000000095880000)
 Metaspace       used 94937K, committed 96576K, reserved 1179648K
  class space    used 9449K, committed 10240K, reserved 1048576K
}
Event: 5912.621 GC heap after
{Heap after GC invocations=2802 (full 7):
 PSYoungGen      total 5120K, used 868K [0x00000000d5580000, 0x00000000d5d00000, 0x0000000100000000)
  eden space 4096K, 0% used [0x00000000d5580000,0x00000000d5580000,0x00000000d5980000)
  from space 1024K, 84% used [0x00000000d5c00000,0x00000000d5cd9210,0x00000000d5d00000)
  to   space 1024K, 0% used [0x00000000d5b00000,0x00000000d5b00000,0x00000000d5c00000)
 ParOldGen       total 353280K, used 352860K [0x0000000080000000, 0x0000000095900000, 0x00000000d5580000)
  object space 353280K, 99% used [0x0000000080000000,0x00000000958972d0,0x0000000095900000)
 Metaspace       used 94937K, committed 96576K, reserved 1179648K
  class space    used 9449K, committed 10240K, reserved 1048576K
}
Event: 5912.624 GC heap before
{Heap before GC invocations=2803 (full 7):
 PSYoungGen      total 5120K, used 4964K [0x00000000d5580000, 0x00000000d5d00000, 0x0000000100000000)
  eden space 4096K, 100% used [0x00000000d5580000,0x00000000d5980000,0x00000000d5980000)
  from space 1024K, 84% used [0x00000000d5c00000,0x00000000d5cd9210,0x00000000d5d00000)
  to   space 1024K, 0% used [0x00000000d5b00000,0x00000000d5b00000,0x00000000d5c00000)
 ParOldGen       total 353280K, used 352860K [0x0000000080000000, 0x0000000095900000, 0x00000000d5580000)
  object space 353280K, 99% used [0x0000000080000000,0x00000000958972d0,0x0000000095900000)
 Metaspace       used 94937K, committed 96576K, reserved 1179648K
  class space    used 9449K, committed 10240K, reserved 1048576K
}
Event: 5912.625 GC heap after
{Heap after GC invocations=2803 (full 7):
 PSYoungGen      total 5120K, used 704K [0x00000000d5580000, 0x00000000d5c80000, 0x0000000100000000)
  eden space 4096K, 0% used [0x00000000d5580000,0x00000000d5580000,0x00000000d5980000)
  from space 1024K, 68% used [0x00000000d5b00000,0x00000000d5bb0000,0x00000000d5c00000)
  to   space 512K, 0% used [0x00000000d5c00000,0x00000000d5c00000,0x00000000d5c80000)
 ParOldGen       total 353792K, used 353586K [0x0000000080000000, 0x0000000095980000, 0x00000000d5580000)
  object space 353792K, 99% used [0x0000000080000000,0x000000009594c810,0x0000000095980000)
 Metaspace       used 94937K, committed 96576K, reserved 1179648K
  class space    used 9449K, committed 10240K, reserved 1048576K
}
Event: 5912.633 GC heap before
{Heap before GC invocations=2804 (full 7):
 PSYoungGen      total 5120K, used 4800K [0x00000000d5580000, 0x00000000d5c80000, 0x0000000100000000)
  eden space 4096K, 100% used [0x00000000d5580000,0x00000000d5980000,0x00000000d5980000)
  from space 1024K, 68% used [0x00000000d5b00000,0x00000000d5bb0000,0x00000000d5c00000)
  to   space 512K, 0% used [0x00000000d5c00000,0x00000000d5c00000,0x00000000d5c80000)
 ParOldGen       total 353792K, used 353586K [0x0000000080000000, 0x0000000095980000, 0x00000000d5580000)
  object space 353792K, 99% used [0x0000000080000000,0x000000009594c810,0x0000000095980000)
 Metaspace       used 94938K, committed 96576K, reserved 1179648K
  class space    used 9449K, committed 10240K, reserved 1048576K
}
Event: 5912.635 GC heap after
{Heap after GC invocations=2804 (full 7):
 PSYoungGen      total 4608K, used 512K [0x00000000d5580000, 0x00000000d5c80000, 0x0000000100000000)
  eden space 4096K, 0% used [0x00000000d5580000,0x00000000d5580000,0x00000000d5980000)
  from space 512K, 100% used [0x00000000d5c00000,0x00000000d5c80000,0x00000000d5c80000)
  to   space 1536K, 0% used [0x00000000d5980000,0x00000000d5980000,0x00000000d5b00000)
 ParOldGen       total 354816K, used 354418K [0x0000000080000000, 0x0000000095a80000, 0x00000000d5580000)
  object space 354816K, 99% used [0x0000000080000000,0x0000000095a1cac0,0x0000000095a80000)
 Metaspace       used 94938K, committed 96576K, reserved 1179648K
  class space    used 9449K, committed 10240K, reserved 1048576K
}
Event: 5912.941 GC heap before
{Heap before GC invocations=2805 (full 7):
 PSYoungGen      total 4608K, used 4608K [0x00000000d5580000, 0x00000000d5c80000, 0x0000000100000000)
  eden space 4096K, 100% used [0x00000000d5580000,0x00000000d5980000,0x00000000d5980000)
  from space 512K, 100% used [0x00000000d5c00000,0x00000000d5c80000,0x00000000d5c80000)
  to   space 1536K, 0% used [0x00000000d5980000,0x00000000d5980000,0x00000000d5b00000)
 ParOldGen       total 354816K, used 354418K [0x0000000080000000, 0x0000000095a80000, 0x00000000d5580000)
  object space 354816K, 99% used [0x0000000080000000,0x0000000095a1cac0,0x0000000095a80000)
 Metaspace       used 94938K, committed 96576K, reserved 1179648K
  class space    used 9449K, committed 10240K, reserved 1048576K
}
Event: 5912.942 GC heap after
{Heap after GC invocations=2805 (full 7):
 PSYoungGen      total 5632K, used 756K [0x00000000d5580000, 0x00000000d5c80000, 0x0000000100000000)
  eden space 4096K, 0% used [0x00000000d5580000,0x00000000d5580000,0x00000000d5980000)
  from space 1536K, 49% used [0x00000000d5980000,0x00000000d5a3d200,0x00000000d5b00000)
  to   space 1024K, 0% used [0x00000000d5b80000,0x00000000d5b80000,0x00000000d5c80000)
 ParOldGen       total 355328K, used 354959K [0x0000000080000000, 0x0000000095b00000, 0x00000000d5580000)
  object space 355328K, 99% used [0x0000000080000000,0x0000000095aa3e00,0x0000000095b00000)
 Metaspace       used 94938K, committed 96576K, reserved 1179648K
  class space    used 9449K, committed 10240K, reserved 1048576K
}
Event: 5912.946 GC heap before
{Heap before GC invocations=2806 (full 7):
 PSYoungGen      total 5632K, used 4852K [0x00000000d5580000, 0x00000000d5c80000, 0x0000000100000000)
  eden space 4096K, 100% used [0x00000000d5580000,0x00000000d5980000,0x00000000d5980000)
  from space 1536K, 49% used [0x00000000d5980000,0x00000000d5a3d200,0x00000000d5b00000)
  to   space 1024K, 0% used [0x00000000d5b80000,0x00000000d5b80000,0x00000000d5c80000)
 ParOldGen       total 355328K, used 354959K [0x0000000080000000, 0x0000000095b00000, 0x00000000d5580000)
  object space 355328K, 99% used [0x0000000080000000,0x0000000095aa3e00,0x0000000095b00000)
 Metaspace       used 94938K, committed 96576K, reserved 1179648K
  class space    used 9449K, committed 10240K, reserved 1048576K
}
Event: 5912.947 GC heap after
{Heap after GC invocations=2806 (full 7):
 PSYoungGen      total 5120K, used 800K [0x00000000d5580000, 0x00000000d5c80000, 0x0000000100000000)
  eden space 4096K, 0% used [0x00000000d5580000,0x00000000d5580000,0x00000000d5980000)
  from space 1024K, 78% used [0x00000000d5b80000,0x00000000d5c48000,0x00000000d5c80000)
  to   space 1024K, 0% used [0x00000000d5a80000,0x00000000d5a80000,0x00000000d5b80000)
 ParOldGen       total 355840K, used 355532K [0x0000000080000000, 0x0000000095b80000, 0x00000000d5580000)
  object space 355840K, 99% used [0x0000000080000000,0x0000000095b33340,0x0000000095b80000)
 Metaspace       used 94938K, committed 96576K, reserved 1179648K
  class space    used 9449K, committed 10240K, reserved 1048576K
}
Event: 5913.337 GC heap before
{Heap before GC invocations=2807 (full 7):
 PSYoungGen      total 5120K, used 4872K [0x00000000d5580000, 0x00000000d5c80000, 0x0000000100000000)
  eden space 4096K, 99% used [0x00000000d5580000,0x00000000d597a030,0x00000000d5980000)
  from space 1024K, 78% used [0x00000000d5b80000,0x00000000d5c48000,0x00000000d5c80000)
  to   space 1024K, 0% used [0x00000000d5a80000,0x00000000d5a80000,0x00000000d5b80000)
 ParOldGen       total 355840K, used 355532K [0x0000000080000000, 0x0000000095b80000, 0x00000000d5580000)
  object space 355840K, 99% used [0x0000000080000000,0x0000000095b33340,0x0000000095b80000)
 Metaspace       used 94961K, committed 96576K, reserved 1179648K
  class space    used 9449K, committed 10240K, reserved 1048576K
}
Event: 5913.339 GC heap after
{Heap after GC invocations=2807 (full 7):
 PSYoungGen      total 5120K, used 640K [0x00000000d5580000, 0x00000000d5c00000, 0x0000000100000000)
  eden space 4096K, 0% used [0x00000000d5580000,0x00000000d5580000,0x00000000d5980000)
  from space 1024K, 62% used [0x00000000d5a80000,0x00000000d5b20000,0x00000000d5b80000)
  to   space 512K, 0% used [0x00000000d5b80000,0x00000000d5b80000,0x00000000d5c00000)
 ParOldGen       total 356352K, used 356088K [0x0000000080000000, 0x0000000095c00000, 0x00000000d5580000)
  object space 356352K, 99% used [0x0000000080000000,0x0000000095bbe360,0x0000000095c00000)
 Metaspace       used 94961K, committed 96576K, reserved 1179648K
  class space    used 9449K, committed 10240K, reserved 1048576K
}
Event: 5913.347 GC heap before
{Heap before GC invocations=2808 (full 7):
 PSYoungGen      total 5120K, used 4736K [0x00000000d5580000, 0x00000000d5c00000, 0x0000000100000000)
  eden space 4096K, 100% used [0x00000000d5580000,0x00000000d5980000,0x00000000d5980000)
  from space 1024K, 62% used [0x00000000d5a80000,0x00000000d5b20000,0x00000000d5b80000)
  to   space 512K, 0% used [0x00000000d5b80000,0x00000000d5b80000,0x00000000d5c00000)
 ParOldGen       total 356352K, used 356088K [0x0000000080000000, 0x0000000095c00000, 0x00000000d5580000)
  object space 356352K, 99% used [0x0000000080000000,0x0000000095bbe360,0x0000000095c00000)
 Metaspace       used 94961K, committed 96576K, reserved 1179648K
  class space    used 9449K, committed 10240K, reserved 1048576K
}
Event: 5913.348 GC heap after
{Heap after GC invocations=2808 (full 7):
 PSYoungGen      total 4608K, used 506K [0x00000000d5580000, 0x00000000d5c80000, 0x0000000100000000)
  eden space 4096K, 0% used [0x00000000d5580000,0x00000000d5580000,0x00000000d5980000)
  from space 512K, 98% used [0x00000000d5b80000,0x00000000d5bfe900,0x00000000d5c00000)
  to   space 1536K, 0% used [0x00000000d5980000,0x00000000d5980000,0x00000000d5b00000)
 ParOldGen       total 356864K, used 356592K [0x0000000080000000, 0x0000000095c80000, 0x00000000d5580000)
  object space 356864K, 99% used [0x0000000080000000,0x0000000095c3c300,0x0000000095c80000)
 Metaspace       used 94961K, committed 96576K, reserved 1179648K
  class space    used 9449K, committed 10240K, reserved 1048576K
}

